<?xml version="1.0" encoding="UTF-8"?>
<!-- Generated by org.testng.reporters.JUnitXMLReporter -->
<testsuite ignored="1" hostname="Praveens-MacBook-Pro.local" failures="0" tests="1" name="Regression Test" time="13.732" errors="0" timestamp="2021-01-18T15:38:12 IST">
  <testcase classname="testCases.SearchProduct" name="addToBag" time="7.323"/>
  <testcase classname="baseClass.TestBase" name="@BeforeSuite loadingFiles" time="0.0">
    <ignored/>
  </testcase> <!-- @BeforeSuite loadingFiles -->
</testsuite> <!-- Regression Test -->
