<?xml version="1.0" encoding="UTF-8"?>
<testng-results ignored="0" total="1" passed="1" failed="0" skipped="0">
  <reporter-output>
    <line>
      <![CDATA[<img src="file:///Users/praveenjaldawar/Documents/SeleniumDemo/MyntraApplication/src/test/java/screenShots/ScreenShots_2021.01.18.17.54.25.png" alt=""/>]]>
    </line>
    <line>
      <![CDATA[<img src="file:///Users/praveenjaldawar/Documents/SeleniumDemo/MyntraApplication/src/test/java/screenShots/ScreenShots_2021.01.18.17.54.27.png" alt=""/>]]>
    </line>
    <line>
      <![CDATA[<img src="file:///Users/praveenjaldawar/Documents/SeleniumDemo/MyntraApplication/src/test/java/screenShots/ScreenShots_2021.01.18.17.54.32.png" alt=""/>]]>
    </line>
    <line>
      <![CDATA[<img src="file:///Users/praveenjaldawar/Documents/SeleniumDemo/MyntraApplication/src/test/java/screenShots/ScreenShots_2021.01.18.17.54.37.png" alt=""/>]]>
    </line>
  </reporter-output>
  <suite started-at="2021-01-18T17:54:12 IST" name="Default suite" finished-at="2021-01-18T17:54:38 IST" duration-ms="25782">
    <groups>
    </groups>
    <test started-at="2021-01-18T17:54:12 IST" name="Default test" finished-at="2021-01-18T17:54:38 IST" duration-ms="25782">
      <class name="testCases.SearchProduct">
        <test-method is-config="true" signature="loadingFiles()[pri:0, instance:testCases.SearchProduct@34f5090e]" started-at="2021-01-18T17:54:12 IST" name="loadingFiles" finished-at="2021-01-18T17:54:12 IST" duration-ms="251" status="PASS">
          <reporter-output>
          </reporter-output>
        </test-method> <!-- loadingFiles -->
        <test-method is-config="true" signature="loadingBrowser()[pri:0, instance:testCases.SearchProduct@34f5090e]" started-at="2021-01-18T17:54:12 IST" name="loadingBrowser" finished-at="2021-01-18T17:54:23 IST" duration-ms="11424" status="PASS">
          <reporter-output>
          </reporter-output>
        </test-method> <!-- loadingBrowser -->
        <test-method signature="addToBag()[pri:0, instance:testCases.SearchProduct@34f5090e]" started-at="2021-01-18T17:54:23 IST" name="addToBag" finished-at="2021-01-18T17:54:37 IST" duration-ms="14009" status="PASS">
          <reporter-output>
            <line>
              <![CDATA[<img src="file:///Users/praveenjaldawar/Documents/SeleniumDemo/MyntraApplication/src/test/java/screenShots/ScreenShots_2021.01.18.17.54.25.png" alt=""/>]]>
            </line>
            <line>
              <![CDATA[<img src="file:///Users/praveenjaldawar/Documents/SeleniumDemo/MyntraApplication/src/test/java/screenShots/ScreenShots_2021.01.18.17.54.27.png" alt=""/>]]>
            </line>
            <line>
              <![CDATA[<img src="file:///Users/praveenjaldawar/Documents/SeleniumDemo/MyntraApplication/src/test/java/screenShots/ScreenShots_2021.01.18.17.54.32.png" alt=""/>]]>
            </line>
            <line>
              <![CDATA[<img src="file:///Users/praveenjaldawar/Documents/SeleniumDemo/MyntraApplication/src/test/java/screenShots/ScreenShots_2021.01.18.17.54.37.png" alt=""/>]]>
            </line>
          </reporter-output>
        </test-method> <!-- addToBag -->
        <test-method is-config="true" signature="tearDown()[pri:0, instance:testCases.SearchProduct@34f5090e]" started-at="2021-01-18T17:54:37 IST" name="tearDown" finished-at="2021-01-18T17:54:38 IST" duration-ms="298" status="PASS">
          <reporter-output>
          </reporter-output>
        </test-method> <!-- tearDown -->
        <test-method is-config="true" signature="writeToExtentReport()[pri:0, instance:testCases.SearchProduct@34f5090e]" started-at="2021-01-18T17:54:38 IST" name="writeToExtentReport" finished-at="2021-01-18T17:54:39 IST" duration-ms="771" status="PASS">
          <reporter-output>
          </reporter-output>
        </test-method> <!-- writeToExtentReport -->
      </class> <!-- testCases.SearchProduct -->
    </test> <!-- Default test -->
  </suite> <!-- Default suite -->
</testng-results>
